<?xml version="1.0" encoding="UTF-8"?>
<testng-results skipped="0" failed="0" ignored="0" total="1" passed="1">
  <reporter-output>
    <line>
      <![CDATA[maven]]>
    </line>
  </reporter-output>
  <suite name="Default suite" duration-ms="192" started-at="2020-09-26T10:50:29 IST" finished-at="2020-09-26T10:50:29 IST">
    <groups>
    </groups>
    <test name="Default test" duration-ms="192" started-at="2020-09-26T10:50:29 IST" finished-at="2020-09-26T10:50:29 IST">
      <class name="com.maven.test.MainTest">
        <test-method status="PASS" signature="Create()[pri:0, instance:com.maven.test.MainTest@7494e528]" name="Create" duration-ms="16" started-at="2020-09-26T10:50:29 IST" finished-at="2020-09-26T10:50:29 IST">
          <reporter-output>
            <line>
              <![CDATA[maven]]>
            </line>
          </reporter-output>
        </test-method> <!-- Create -->
      </class> <!-- com.maven.test.MainTest -->
    </test> <!-- Default test -->
  </suite> <!-- Default suite -->
</testng-results>
